Downloading: nvd-clojure/nvd-clojure/maven-metadata.xml from clojars
Downloading: nvd-clojure/nvd-clojure/3.5.0/nvd-clojure-3.5.0.pom from clojars
Downloading: clansi/clansi/1.0.0/clansi-1.0.0.pom from clojars
Downloading: org/slf4j/slf4j-simple/2.0.9/slf4j-simple-2.0.9.pom from central
Downloading: org/owasp/dependency-check-core/8.4.2/dependency-check-core-8.4.2.pom from central
Downloading: org/owasp/dependency-check-parent/8.4.2/dependency-check-parent-8.4.2.pom from central
Downloading: rm-hull/table/0.7.1/table-0.7.1.pom from clojars
Downloading: com/fasterxml/jackson/jackson-bom/2.15.3/jackson-bom-2.15.3.pom from central
Downloading: trptcolin/versioneer/0.2.0/versioneer-0.2.0.pom from clojars
Downloading: com/fasterxml/jackson/core/jackson-annotations/2.15.3/jackson-annotations-2.15.3.pom from central
Downloading: com/fasterxml/jackson/core/jackson-databind/2.15.3/jackson-databind-2.15.3.pom from central
Downloading: com/fasterxml/jackson/jackson-base/2.15.3/jackson-base-2.15.3.pom from central
Downloading: com/fasterxml/jackson/core/jackson-core/2.15.3/jackson-core-2.15.3.pom from central
Downloading: org/junit/junit-bom/5.9.2/junit-bom-5.9.2.pom from central
Downloading: com/fasterxml/jackson/module/jackson-module-afterburner/2.15.3/jackson-module-afterburner-2.15.3.pom from central
Downloading: com/fasterxml/jackson/module/jackson-modules-base/2.15.3/jackson-modules-base-2.15.3.pom from central
Downloading: org/yaml/snakeyaml/2.2/snakeyaml-2.2.pom from central
Downloading: org/apache/maven/resolver/maven-resolver-transport-http/1.9.16/maven-resolver-transport-http-1.9.16.pom from central
Downloading: org/apache/maven/maven-core/3.9.5/maven-core-3.9.5.pom from central
Downloading: org/apache/maven/resolver/maven-resolver/1.9.16/maven-resolver-1.9.16.pom from central
Downloading: org/apache/maven/maven/3.9.5/maven-3.9.5.pom from central
Downloading: org/eclipse/jetty/jetty-client/12.0.2/jetty-client-12.0.2.pom from central
Downloading: org/eclipse/jetty/jetty-core/12.0.2/jetty-core-12.0.2.pom from central
Downloading: org/apache/maven/resolver/maven-resolver-spi/1.9.16/maven-resolver-spi-1.9.16.pom from central
Downloading: org/eclipse/jetty/jetty-project/12.0.2/jetty-project-12.0.2.pom from central
Downloading: org/apache/maven/resolver/maven-resolver-api/1.9.16/maven-resolver-api-1.9.16.pom from central
Downloading: org/apache/maven/resolver/maven-resolver-util/1.9.16/maven-resolver-util-1.9.16.pom from central
Downloading: org/apache/maven/resolver/maven-resolver-impl/1.9.16/maven-resolver-impl-1.9.16.pom from central
Downloading: org/infinispan/infinispan-bom/11.0.17.Final/infinispan-bom-11.0.17.Final.pom from central
Downloading: org/infinispan/infinispan-build-configuration-parent/11.0.17.Final/infinispan-build-configuration-parent-11.0.17.Final.pom from central
Downloading: org/apache/maven/maven-resolver-provider/3.9.5/maven-resolver-provider-3.9.5.pom from central
Downloading: org/codehaus/plexus/plexus-utils/4.0.0/plexus-utils-4.0.0.pom from central
Downloading: org/ow2/asm/asm-bom/9.6/asm-bom-9.6.pom from central
Downloading: org/codehaus/plexus/plexus/13/plexus-13.pom from central
Downloading: org/testcontainers/testcontainers-bom/1.19.0/testcontainers-bom-1.19.0.pom from central
Downloading: org/junit/junit-bom/5.9.3/junit-bom-5.9.3.pom from central
Downloading: org/anarres/jdiagnostics/jdiagnostics/1.0.7/jdiagnostics-1.0.7.pom from central
Downloading: org/whitesource/pecoff4j/0.0.2.1/pecoff4j-0.0.2.1.pom from central
Downloading: io/github/jeremylong/jcs3-slf4j/1.0.0/jcs3-slf4j-1.0.0.pom from central
Downloading: org/apache/commons/commons-jcs3-core/3.2/commons-jcs3-core-3.2.pom from central
Downloading: com/github/package-url/packageurl-java/1.4.1/packageurl-java-1.4.1.pom from central
Downloading: us/springett/cpe-parser/2.0.3/cpe-parser-2.0.3.pom from central
Downloading: org/apache/commons/commons-jcs3/3.2/commons-jcs3-3.2.pom from central
Downloading: org/semver4j/semver4j/5.2.2/semver4j-5.2.2.pom from central
Downloading: org/apache/commons/commons-parent/58/commons-parent-58.pom from central
Downloading: org/owasp/dependency-check-utils/8.4.2/dependency-check-utils-8.4.2.pom from central
Downloading: org/apache/commons/commons-collections4/4.4/commons-collections4-4.4.pom from central
Downloading: org/apache/commons/commons-compress/1.24.0/commons-compress-1.24.0.pom from central
Downloading: org/apache/commons/commons-parent/48/commons-parent-48.pom from central
Downloading: org/apache/commons/commons-parent/61/commons-parent-61.pom from central
Downloading: commons-io/commons-io/2.14.0/commons-io-2.14.0.pom from central
Downloading: org/apache/commons/commons-lang3/3.13.0/commons-lang3-3.13.0.pom from central
Downloading: org/apache/commons/commons-parent/62/commons-parent-62.pom from central
Downloading: org/apache/commons/commons-text/1.10.0/commons-text-1.10.0.pom from central
Downloading: org/apache/commons/commons-dbcp2/2.10.0/commons-dbcp2-2.10.0.pom from central
Downloading: org/apache/commons/commons-parent/54/commons-parent-54.pom from central
Downloading: org/apache/commons/commons-parent/60/commons-parent-60.pom from central
Downloading: org/apache/lucene/lucene-core/8.11.2/lucene-core-8.11.2.pom from central
Downloading: org/apache/lucene/lucene-parent/8.11.2/lucene-parent-8.11.2.pom from central
Downloading: org/apache/lucene/lucene-analyzers-common/8.11.2/lucene-analyzers-common-8.11.2.pom from central
Downloading: org/apache/lucene/lucene-solr-grandparent/8.11.2/lucene-solr-grandparent-8.11.2.pom from central
Downloading: org/apache/lucene/lucene-queryparser/8.11.2/lucene-queryparser-8.11.2.pom from central
Downloading: org/apache/velocity/velocity-engine-core/2.3/velocity-engine-core-2.3.pom from central
Downloading: com/h2database/h2/2.1.214/h2-2.1.214.pom from central
Downloading: org/apache/velocity/velocity-engine-parent/2.3/velocity-engine-parent-2.3.pom from central
Downloading: org/glassfish/javax.json/1.1.4/javax.json-1.1.4.pom from central
Downloading: org/apache/velocity/velocity-master/4/velocity-master-4.pom from central
Downloading: org/glassfish/json/1.1.4/json-1.1.4.pom from central
Downloading: org/jsoup/jsoup/1.16.1/jsoup-1.16.1.pom from central
Downloading: com/fasterxml/jackson/dataformat/jackson-dataformat-yaml/2.15.3/jackson-dataformat-yaml-2.15.3.pom from central
Downloading: com/fasterxml/jackson/dataformat/jackson-dataformats-text/2.15.3/jackson-dataformats-text-2.15.3.pom from central
Downloading: com/fasterxml/jackson/module/jackson-module-blackbird/2.15.3/jackson-module-blackbird-2.15.3.pom from central
Downloading: com/h3xstream/retirejs/retirejs-core/3.0.4/retirejs-core-3.0.4.pom from central
Downloading: org/sonatype/ossindex/ossindex-service-client/1.8.2/ossindex-service-client-1.8.2.pom from central
Downloading: com/h3xstream/retirejs/retirejs-root-pom/3.0.4/retirejs-root-pom-3.0.4.pom from central
Downloading: org/sonatype/ossindex/ossindex-service/1.8.2/ossindex-service-1.8.2.pom from central
Downloading: com/google/guava/guava/32.1.3-jre/guava-32.1.3-jre.pom from central
Downloading: org/sonatype/buildsupport/public-parent/28/public-parent-28.pom from central
Downloading: com/google/guava/guava-parent/32.1.3-jre/guava-parent-32.1.3-jre.pom from central
Downloading: org/sonatype/buildsupport/buildsupport/28/buildsupport-28.pom from central
Downloading: com/moandjiezana/toml/toml4j/0.7.2/toml4j-0.7.2.pom from central
Downloading: org/sonatype/ossindex/ossindex-service-bom/1.8.2/ossindex-service-bom-1.8.2.pom from central
Downloading: com/hankcs/aho-corasick-double-array-trie/1.2.3/aho-corasick-double-array-trie-1.2.3.pom from central
Downloading: org/eclipse/packager/packager-rpm/0.19.0/packager-rpm-0.19.0.pom from central
Downloading: org/eclipse/packager/packager/0.19.0/packager-0.19.0.pom from central
Downloading: commons-codec/commons-codec/1.16.0/commons-codec-1.16.0.pom from central
Downloading: org/apache/maven/maven-model/3.9.5/maven-model-3.9.5.pom from central
Downloading: org/apache/maven/maven-settings/3.9.5/maven-settings-3.9.5.pom from central
Downloading: org/apache/maven/maven-settings-builder/3.9.5/maven-settings-builder-3.9.5.pom from central
Downloading: org/apache/maven/maven-builder-support/3.9.5/maven-builder-support-3.9.5.pom from central
Downloading: org/apache/maven/maven-repository-metadata/3.9.5/maven-repository-metadata-3.9.5.pom from central
Downloading: org/apache/maven/maven-artifact/3.9.5/maven-artifact-3.9.5.pom from central
Downloading: org/apache/maven/maven-plugin-api/3.9.5/maven-plugin-api-3.9.5.pom from central
Downloading: org/apache/maven/maven-model-builder/3.9.5/maven-model-builder-3.9.5.pom from central
Downloading: com/google/inject/guice/5.1.0/guice-5.1.0.pom from central
Downloading: org/codehaus/plexus/plexus-classworlds/2.7.0/plexus-classworlds-2.7.0.pom from central
Downloading: com/google/inject/guice-parent/5.1.0/guice-parent-5.1.0.pom from central
Downloading: org/eclipse/jetty/jetty-io/12.0.2/jetty-io-12.0.2.pom from central
Downloading: org/eclipse/jetty/jetty-http/12.0.2/jetty-http-12.0.2.pom from central
Downloading: org/eclipse/jetty/jetty-alpn-client/12.0.2/jetty-alpn-client-12.0.2.pom from central
Downloading: org/eclipse/jetty/jetty-alpn/12.0.2/jetty-alpn-12.0.2.pom from central
Downloading: org/apache/maven/resolver/maven-resolver-named-locks/1.9.16/maven-resolver-named-locks-1.9.16.pom from central
Downloading: org/apache/commons/commons-pool2/2.11.1/commons-pool2-2.11.1.pom from central
Downloading: org/junit/junit-bom/5.8.0-M1/junit-bom-5.8.0-M1.pom from central
Downloading: jakarta/transaction/jakarta.transaction-api/1.3.1/jakarta.transaction-api-1.3.1.pom from central
Downloading: org/eclipse/ee4j/project/1.0.5/project-1.0.5.pom from central
Downloading: org/apache/lucene/lucene-queries/8.11.2/lucene-queries-8.11.2.pom from central
Downloading: org/apache/lucene/lucene-sandbox/8.11.2/lucene-sandbox-8.11.2.pom from central
Downloading: com/vaadin/external/google/android-json/0.0.20131108.vaadin1/android-json-0.0.20131108.vaadin1.pom from central
Downloading: com/github/spullara/mustache/java/compiler/0.9.6/compiler-0.9.6.pom from central
Downloading: com/esotericsoftware/minlog/1.3.1/minlog-1.3.1.pom from central
Downloading: com/github/spullara/mustache/java/mustache.java/0.9.6/mustache.java-0.9.6.pom from central
Downloading: org/sonatype/ossindex/ossindex-service-api/1.8.2/ossindex-service-api-1.8.2.pom from central
Downloading: joda-time/joda-time/2.10.4/joda-time-2.10.4.pom from central
Downloading: com/google/code/gson/gson/2.9.0/gson-2.9.0.pom from central
Downloading: javax/xml/bind/jaxb-api/2.3.1/jaxb-api-2.3.1.pom from central
Downloading: com/google/code/gson/gson-parent/2.9.0/gson-parent-2.9.0.pom from central
Downloading: javax/xml/bind/jaxb-api-parent/2.3.1/jaxb-api-parent-2.3.1.pom from central
Downloading: org/checkerframework/checker-qual/3.37.0/checker-qual-3.37.0.pom from central
Downloading: com/google/errorprone/error_prone_annotations/2.21.1/error_prone_annotations-2.21.1.pom from central
Downloading: com/google/errorprone/error_prone_parent/2.21.1/error_prone_parent-2.21.1.pom from central
Downloading: com/google/j2objc/j2objc-annotations/2.8/j2objc-annotations-2.8.pom from central
Downloading: org/eclipse/packager/packager-core/0.19.0/packager-core-0.19.0.pom from central
Downloading: org/tukaani/xz/1.9/xz-1.9.pom from central
Downloading: org/eclipse/jetty/jetty-util/12.0.2/jetty-util-12.0.2.pom from central
Downloading: javax/ws/rs/javax.ws.rs-api/2.0.1/javax.ws.rs-api-2.0.1.pom from central
Downloading: org/sonatype/goodies/package-url-java/1.1.1/package-url-java-1.1.1.pom from central
Downloading: org/sonatype/buildsupport/public-parent/13/public-parent-13.pom from central
Downloading: org/sonatype/buildsupport/buildsupport/13/buildsupport-13.pom from central
Downloading: org/bouncycastle/bcprov-jdk18on/1.71/bcprov-jdk18on-1.71.pom from central
Downloading: org/bouncycastle/bcpg-jdk18on/1.71/bcpg-jdk18on-1.71.pom from central
Downloading: commons-codec/commons-codec/1.16.0/commons-codec-1.16.0.jar from central
Downloading: joda-time/joda-time/2.10.4/joda-time-2.10.4.jar from central
Downloading: com/fasterxml/jackson/module/jackson-module-blackbird/2.15.3/jackson-module-blackbird-2.15.3.jar from central
Downloading: org/apache/commons/commons-compress/1.24.0/commons-compress-1.24.0.jar from central
Downloading: com/google/errorprone/error_prone_annotations/2.21.1/error_prone_annotations-2.21.1.jar from central
Downloading: org/apache/commons/commons-lang3/3.13.0/commons-lang3-3.13.0.jar from central
Downloading: com/esotericsoftware/minlog/1.3.1/minlog-1.3.1.jar from central
Downloading: org/tukaani/xz/1.9/xz-1.9.jar from central
Downloading: org/bouncycastle/bcpg-jdk18on/1.71/bcpg-jdk18on-1.71.jar from central
Downloading: com/fasterxml/jackson/core/jackson-databind/2.15.3/jackson-databind-2.15.3.jar from central
Downloading: com/h3xstream/retirejs/retirejs-core/3.0.4/retirejs-core-3.0.4.jar from central
Downloading: com/google/inject/guice/5.1.0/guice-5.1.0.jar from central
Downloading: org/eclipse/jetty/jetty-alpn-client/12.0.2/jetty-alpn-client-12.0.2.jar from central
Downloading: org/eclipse/packager/packager-rpm/0.19.0/packager-rpm-0.19.0.jar from central
Downloading: jakarta/transaction/jakarta.transaction-api/1.3.1/jakarta.transaction-api-1.3.1.jar from central
Downloading: org/eclipse/jetty/jetty-util/12.0.2/jetty-util-12.0.2.jar from central
Downloading: org/eclipse/jetty/jetty-http/12.0.2/jetty-http-12.0.2.jar from central
Downloading: org/apache/commons/commons-dbcp2/2.10.0/commons-dbcp2-2.10.0.jar from central
Downloading: org/apache/commons/commons-pool2/2.11.1/commons-pool2-2.11.1.jar from central
Downloading: com/fasterxml/jackson/module/jackson-module-afterburner/2.15.3/jackson-module-afterburner-2.15.3.jar from central
Downloading: com/fasterxml/jackson/dataformat/jackson-dataformat-yaml/2.15.3/jackson-dataformat-yaml-2.15.3.jar from central
Downloading: clansi/clansi/1.0.0/clansi-1.0.0.jar from clojars
Downloading: org/anarres/jdiagnostics/jdiagnostics/1.0.7/jdiagnostics-1.0.7.jar from central
Downloading: org/apache/maven/resolver/maven-resolver-transport-http/1.9.16/maven-resolver-transport-http-1.9.16.jar from central
Downloading: org/apache/lucene/lucene-analyzers-common/8.11.2/lucene-analyzers-common-8.11.2.jar from central
Downloading: com/hankcs/aho-corasick-double-array-trie/1.2.3/aho-corasick-double-array-trie-1.2.3.jar from central
Downloading: org/apache/maven/maven-model-builder/3.9.5/maven-model-builder-3.9.5.jar from central
Downloading: com/h2database/h2/2.1.214/h2-2.1.214.jar from central
Downloading: org/codehaus/plexus/plexus-utils/4.0.0/plexus-utils-4.0.0.jar from central
Downloading: rm-hull/table/0.7.1/table-0.7.1.jar from clojars
Downloading: org/apache/maven/maven-settings-builder/3.9.5/maven-settings-builder-3.9.5.jar from central
Downloading: commons-io/commons-io/2.14.0/commons-io-2.14.0.jar from central
Downloading: com/vaadin/external/google/android-json/0.0.20131108.vaadin1/android-json-0.0.20131108.vaadin1.jar from central
Downloading: org/owasp/dependency-check-core/8.4.2/dependency-check-core-8.4.2.jar from central
Downloading: com/github/spullara/mustache/java/compiler/0.9.6/compiler-0.9.6.jar from central
Downloading: org/apache/velocity/velocity-engine-core/2.3/velocity-engine-core-2.3.jar from central
Downloading: com/fasterxml/jackson/core/jackson-core/2.15.3/jackson-core-2.15.3.jar from central
Downloading: org/yaml/snakeyaml/2.2/snakeyaml-2.2.jar from central
Downloading: org/apache/maven/maven-settings/3.9.5/maven-settings-3.9.5.jar from central
Downloading: trptcolin/versioneer/0.2.0/versioneer-0.2.0.jar from clojars
Downloading: org/apache/commons/commons-jcs3-core/3.2/commons-jcs3-core-3.2.jar from central
Downloading: org/owasp/dependency-check-utils/8.4.2/dependency-check-utils-8.4.2.jar from central
Downloading: org/apache/lucene/lucene-core/8.11.2/lucene-core-8.11.2.jar from central
Downloading: org/semver4j/semver4j/5.2.2/semver4j-5.2.2.jar from central
Downloading: org/slf4j/slf4j-simple/2.0.9/slf4j-simple-2.0.9.jar from central
Downloading: org/apache/maven/maven-core/3.9.5/maven-core-3.9.5.jar from central
Downloading: org/apache/lucene/lucene-queryparser/8.11.2/lucene-queryparser-8.11.2.jar from central
Downloading: org/eclipse/packager/packager-core/0.19.0/packager-core-0.19.0.jar from central
Downloading: org/bouncycastle/bcprov-jdk18on/1.71/bcprov-jdk18on-1.71.jar from central
Downloading: org/apache/maven/resolver/maven-resolver-api/1.9.16/maven-resolver-api-1.9.16.jar from central
Downloading: com/fasterxml/jackson/core/jackson-annotations/2.15.3/jackson-annotations-2.15.3.jar from central
Downloading: nvd-clojure/nvd-clojure/3.5.0/nvd-clojure-3.5.0.jar from clojars
Downloading: org/apache/maven/maven-resolver-provider/3.9.5/maven-resolver-provider-3.9.5.jar from central
Downloading: org/apache/commons/commons-text/1.10.0/commons-text-1.10.0.jar from central
Downloading: us/springett/cpe-parser/2.0.3/cpe-parser-2.0.3.jar from central
Downloading: org/apache/lucene/lucene-queries/8.11.2/lucene-queries-8.11.2.jar from central
Downloading: org/apache/maven/resolver/maven-resolver-spi/1.9.16/maven-resolver-spi-1.9.16.jar from central
Downloading: com/google/guava/guava/32.1.3-jre/guava-32.1.3-jre.jar from central
Downloading: org/sonatype/ossindex/ossindex-service-api/1.8.2/ossindex-service-api-1.8.2.jar from central
Downloading: com/google/j2objc/j2objc-annotations/2.8/j2objc-annotations-2.8.jar from central
Downloading: org/codehaus/plexus/plexus-classworlds/2.7.0/plexus-classworlds-2.7.0.jar from central
Downloading: org/checkerframework/checker-qual/3.37.0/checker-qual-3.37.0.jar from central
Downloading: org/apache/lucene/lucene-sandbox/8.11.2/lucene-sandbox-8.11.2.jar from central
Downloading: org/eclipse/jetty/jetty-client/12.0.2/jetty-client-12.0.2.jar from central
Downloading: org/eclipse/jetty/jetty-io/12.0.2/jetty-io-12.0.2.jar from central
Downloading: org/sonatype/ossindex/ossindex-service-client/1.8.2/ossindex-service-client-1.8.2.jar from central
Downloading: org/jsoup/jsoup/1.16.1/jsoup-1.16.1.jar from central
Downloading: org/apache/commons/commons-collections4/4.4/commons-collections4-4.4.jar from central
Downloading: io/github/jeremylong/jcs3-slf4j/1.0.0/jcs3-slf4j-1.0.0.jar from central
Downloading: org/apache/maven/resolver/maven-resolver-impl/1.9.16/maven-resolver-impl-1.9.16.jar from central
Downloading: org/apache/maven/maven-model/3.9.5/maven-model-3.9.5.jar from central
Downloading: org/apache/maven/resolver/maven-resolver-util/1.9.16/maven-resolver-util-1.9.16.jar from central
Downloading: org/apache/maven/resolver/maven-resolver-named-locks/1.9.16/maven-resolver-named-locks-1.9.16.jar from central
Downloading: org/apache/maven/maven-repository-metadata/3.9.5/maven-repository-metadata-3.9.5.jar from central
Downloading: com/moandjiezana/toml/toml4j/0.7.2/toml4j-0.7.2.jar from central
Downloading: com/github/package-url/packageurl-java/1.4.1/packageurl-java-1.4.1.jar from central
Downloading: org/apache/maven/maven-builder-support/3.9.5/maven-builder-support-3.9.5.jar from central
Downloading: javax/ws/rs/javax.ws.rs-api/2.0.1/javax.ws.rs-api-2.0.1.jar from central
Downloading: org/sonatype/goodies/package-url-java/1.1.1/package-url-java-1.1.1.jar from central
Downloading: org/apache/maven/maven-plugin-api/3.9.5/maven-plugin-api-3.9.5.jar from central
Downloading: org/whitesource/pecoff4j/0.0.2.1/pecoff4j-0.0.2.1.jar from central
Downloading: org/glassfish/javax.json/1.1.4/javax.json-1.1.4.jar from central
Downloading: org/apache/maven/maven-artifact/3.9.5/maven-artifact-3.9.5.jar from central
Downloading: javax/xml/bind/jaxb-api/2.3.1/jaxb-api-2.3.1.jar from central
Downloading: com/google/code/gson/gson/2.9.0/gson-2.9.0.jar from central
[2023-11-07 02:20:57.652] INFO nvd-clojure - User-provided config: {:delete-config? false, :group "com.github.pmonks", :name "rencg", :version "1.0.34", :nvd {:output-dir "../target/nvd"}}
Nov 07, 2023 2:20:57 AM org.apache.commons.jcs3.engine.control.CompositeCacheManager 
INFO: Instance is null, returning unconfigured instance
Nov 07, 2023 2:20:58 AM org.apache.commons.jcs3.engine.control.CompositeCacheManager 
INFO: Setting default auxiliaries to "ODC"
Nov 07, 2023 2:20:58 AM org.apache.commons.jcs3.engine.control.CompositeCacheManager 
INFO: setting defaultCompositeCacheAttributes to [ useLateral = true, useRemote = true, useDisk = true, maxObjs = 0, maxSpoolPerRun = -1, diskUsagePattern = UPDATE, spoolChunkSize = 2 ]
Nov 07, 2023 2:20:58 AM org.apache.commons.jcs3.engine.control.CompositeCacheManager 
INFO: setting defaultElementAttributes to [ IS_LATERAL = false, IS_SPOOL = true, IS_REMOTE = false, IS_ETERNAL = false, MaxLifeSeconds = 86400, IdleTime = 1800, CreateTime = 1699323658435, LastAccessTime = 1699323658435, getTimeToLiveSeconds() = 86399, createTime = 1699323658435 ]
Nov 07, 2023 2:20:58 AM org.apache.commons.jcs3.engine.memory.AbstractDoubleLinkedListMemoryCache 
INFO: initialized MemoryCache for CENTRAL
Nov 07, 2023 2:20:58 AM org.apache.commons.jcs3.engine.control.CompositeCache 
INFO: Constructed cache with name [CENTRAL] and cache attributes [ useLateral = true, useRemote = true, useDisk = true, maxObjs = 0, maxSpoolPerRun = -1, diskUsagePattern = UPDATE, spoolChunkSize = 2 ]
Nov 07, 2023 2:20:58 AM org.apache.commons.jcs3.auxiliary.AuxiliaryCacheConfigurator 
INFO: No cache event logger defined for auxiliary [jcs.auxiliary.ODC]
Nov 07, 2023 2:20:58 AM org.apache.commons.jcs3.auxiliary.AuxiliaryCacheConfigurator 
INFO: Using standard serializer [org.apache.commons.jcs3.utils.serialization.StandardSerializer@6fa2448b] for auxiliary [jcs.auxiliary.ODC]
Nov 07, 2023 2:20:58 AM org.apache.commons.jcs3.auxiliary.disk.indexed.IndexedDiskCache 
INFO: Region [CENTRAL] : Set maxKeySize to: "1,000,000"
Nov 07, 2023 2:20:58 AM org.apache.commons.jcs3.auxiliary.disk.indexed.IndexedDiskCache 
INFO: Region [CENTRAL] : Cache file root directory: /home/runner/.m2/repository/org/owasp/dependency-check-utils/8.4.2/data/7.0/cache
Nov 07, 2023 2:20:58 AM org.apache.commons.jcs3.auxiliary.disk.indexed.IndexedDiskCache 
INFO: Region [CENTRAL] : Indexed Disk Cache is alive.
Nov 07, 2023 2:20:58 AM org.apache.commons.jcs3.engine.memory.AbstractDoubleLinkedListMemoryCache 
INFO: initialized MemoryCache for POM
Nov 07, 2023 2:20:58 AM org.apache.commons.jcs3.engine.control.CompositeCache 
INFO: Constructed cache with name [POM] and cache attributes [ useLateral = true, useRemote = true, useDisk = true, maxObjs = 0, maxSpoolPerRun = -1, diskUsagePattern = UPDATE, spoolChunkSize = 2 ]
Nov 07, 2023 2:20:58 AM org.apache.commons.jcs3.auxiliary.AuxiliaryCacheConfigurator 
INFO: No cache event logger defined for auxiliary [jcs.auxiliary.ODC]
Nov 07, 2023 2:20:58 AM org.apache.commons.jcs3.auxiliary.AuxiliaryCacheConfigurator 
INFO: Using standard serializer [org.apache.commons.jcs3.utils.serialization.StandardSerializer@18dd5ed3] for auxiliary [jcs.auxiliary.ODC]
Nov 07, 2023 2:20:58 AM org.apache.commons.jcs3.auxiliary.disk.indexed.IndexedDiskCache 
INFO: Region [POM] : Set maxKeySize to: "1,000,000"
Nov 07, 2023 2:20:58 AM org.apache.commons.jcs3.auxiliary.disk.indexed.IndexedDiskCache 
INFO: Region [POM] : Cache file root directory: /home/runner/.m2/repository/org/owasp/dependency-check-utils/8.4.2/data/7.0/cache
Nov 07, 2023 2:20:58 AM org.apache.commons.jcs3.auxiliary.disk.indexed.IndexedDiskCache 
INFO: Region [POM] : Indexed Disk Cache is alive.
Nov 07, 2023 2:20:58 AM org.apache.commons.jcs3.engine.memory.AbstractDoubleLinkedListMemoryCache 
INFO: initialized MemoryCache for NODEAUDIT
Nov 07, 2023 2:20:58 AM org.apache.commons.jcs3.engine.control.CompositeCache 
INFO: Constructed cache with name [NODEAUDIT] and cache attributes [ useLateral = true, useRemote = true, useDisk = true, maxObjs = 0, maxSpoolPerRun = -1, diskUsagePattern = UPDATE, spoolChunkSize = 2 ]
Nov 07, 2023 2:20:58 AM org.apache.commons.jcs3.auxiliary.AuxiliaryCacheConfigurator 
INFO: No cache event logger defined for auxiliary [jcs.auxiliary.ODC]
Nov 07, 2023 2:20:58 AM org.apache.commons.jcs3.auxiliary.AuxiliaryCacheConfigurator 
INFO: Using standard serializer [org.apache.commons.jcs3.utils.serialization.StandardSerializer@6042d663] for auxiliary [jcs.auxiliary.ODC]
Nov 07, 2023 2:20:58 AM org.apache.commons.jcs3.auxiliary.disk.indexed.IndexedDiskCache 
INFO: Region [NODEAUDIT] : Set maxKeySize to: "1,000,000"
Nov 07, 2023 2:20:58 AM org.apache.commons.jcs3.auxiliary.disk.indexed.IndexedDiskCache 
INFO: Region [NODEAUDIT] : Cache file root directory: /home/runner/.m2/repository/org/owasp/dependency-check-utils/8.4.2/data/7.0/cache
Nov 07, 2023 2:20:58 AM org.apache.commons.jcs3.auxiliary.disk.indexed.IndexedDiskCache 
INFO: Region [NODEAUDIT] : Indexed Disk Cache is alive.
Nov 07, 2023 2:20:58 AM org.apache.commons.jcs3.engine.control.CompositeCacheConfigurator 
INFO: Parsed regions [CENTRAL, POM, NODEAUDIT]
Nov 07, 2023 2:20:58 AM org.apache.commons.jcs3.engine.control.CompositeCacheManager 
INFO: Finished configuration in 127 ms.
[2023-11-07 02:20:58.488] WARN NexusAnalyzer - Disabling Nexus analyzer - please specify the URL to a Nexus Server
[2023-11-07 02:20:59.132] INFO Engine - Checking for updates
[2023-11-07 02:20:59.846] INFO NvdCveUpdater - NVD CVE requires several updates; this could take a couple of minutes.
[2023-11-07 02:21:03.847] INFO DownloadTask - Download Started for NVD CVE - 2002
[2023-11-07 02:21:04.000] INFO DownloadTask - Download Complete for NVD CVE - 2002  (153 ms)
[2023-11-07 02:21:04.002] INFO ProcessTask - Processing Started for NVD CVE - 2002
[2023-11-07 02:21:08.003] INFO DownloadTask - Download Started for NVD CVE - 2003
[2023-11-07 02:21:08.087] INFO DownloadTask - Download Complete for NVD CVE - 2003  (84 ms)
[2023-11-07 02:21:08.094] INFO ProcessTask - Processing Started for NVD CVE - 2003
[2023-11-07 02:21:10.200] INFO ProcessTask - Processing Complete for NVD CVE - 2003  (2105 ms)
[2023-11-07 02:21:10.574] INFO ProcessTask - Processing Complete for NVD CVE - 2002  (6572 ms)
[2023-11-07 02:21:12.094] INFO DownloadTask - Download Started for NVD CVE - 2004
[2023-11-07 02:21:12.175] INFO DownloadTask - Download Complete for NVD CVE - 2004  (81 ms)
[2023-11-07 02:21:12.176] INFO ProcessTask - Processing Started for NVD CVE - 2004
[2023-11-07 02:21:14.344] INFO ProcessTask - Processing Complete for NVD CVE - 2004  (2168 ms)
[2023-11-07 02:21:16.181] INFO DownloadTask - Download Started for NVD CVE - 2005
[2023-11-07 02:21:16.272] INFO DownloadTask - Download Complete for NVD CVE - 2005  (91 ms)
[2023-11-07 02:21:16.273] INFO ProcessTask - Processing Started for NVD CVE - 2005
[2023-11-07 02:21:19.103] INFO ProcessTask - Processing Complete for NVD CVE - 2005  (2829 ms)
[2023-11-07 02:21:20.274] INFO DownloadTask - Download Started for NVD CVE - 2006
[2023-11-07 02:21:20.412] INFO DownloadTask - Download Complete for NVD CVE - 2006  (138 ms)
[2023-11-07 02:21:20.414] INFO ProcessTask - Processing Started for NVD CVE - 2006
[2023-11-07 02:21:24.173] INFO ProcessTask - Processing Complete for NVD CVE - 2006  (3759 ms)
[2023-11-07 02:21:24.414] INFO DownloadTask - Download Started for NVD CVE - 2007
[2023-11-07 02:21:24.570] INFO DownloadTask - Download Complete for NVD CVE - 2007  (156 ms)
[2023-11-07 02:21:24.572] INFO ProcessTask - Processing Started for NVD CVE - 2007
[2023-11-07 02:21:27.480] INFO ProcessTask - Processing Complete for NVD CVE - 2007  (2908 ms)
[2023-11-07 02:21:28.573] INFO DownloadTask - Download Started for NVD CVE - 2008
[2023-11-07 02:21:28.674] INFO DownloadTask - Download Complete for NVD CVE - 2008  (100 ms)
[2023-11-07 02:21:28.676] INFO ProcessTask - Processing Started for NVD CVE - 2008
[2023-11-07 02:21:32.000] INFO ProcessTask - Processing Complete for NVD CVE - 2008  (3324 ms)
[2023-11-07 02:21:32.676] INFO DownloadTask - Download Started for NVD CVE - 2009
[2023-11-07 02:21:32.884] INFO DownloadTask - Download Complete for NVD CVE - 2009  (208 ms)
[2023-11-07 02:21:32.886] INFO ProcessTask - Processing Started for NVD CVE - 2009
[2023-11-07 02:21:36.281] INFO ProcessTask - Processing Complete for NVD CVE - 2009  (3395 ms)
[2023-11-07 02:21:36.886] INFO DownloadTask - Download Started for NVD CVE - 2010
[2023-11-07 02:21:36.986] INFO DownloadTask - Download Complete for NVD CVE - 2010  (100 ms)
[2023-11-07 02:21:36.988] INFO ProcessTask - Processing Started for NVD CVE - 2010
[2023-11-07 02:21:40.872] INFO ProcessTask - Processing Complete for NVD CVE - 2010  (3884 ms)
[2023-11-07 02:21:40.988] INFO DownloadTask - Download Started for NVD CVE - 2011
[2023-11-07 02:21:41.206] INFO DownloadTask - Download Complete for NVD CVE - 2011  (218 ms)
[2023-11-07 02:21:41.208] INFO ProcessTask - Processing Started for NVD CVE - 2011
[2023-11-07 02:21:45.208] INFO DownloadTask - Download Started for NVD CVE - 2012
[2023-11-07 02:21:45.290] INFO DownloadTask - Download Complete for NVD CVE - 2012  (82 ms)
[2023-11-07 02:21:45.299] INFO ProcessTask - Processing Started for NVD CVE - 2012
[2023-11-07 02:21:45.629] INFO ProcessTask - Processing Complete for NVD CVE - 2011  (4421 ms)
[2023-11-07 02:21:49.299] INFO DownloadTask - Download Started for NVD CVE - 2013
[2023-11-07 02:21:49.386] INFO DownloadTask - Download Complete for NVD CVE - 2013  (87 ms)
[2023-11-07 02:21:49.388] INFO ProcessTask - Processing Started for NVD CVE - 2013
[2023-11-07 02:21:51.474] INFO ProcessTask - Processing Complete for NVD CVE - 2012  (6175 ms)
[2023-11-07 02:21:53.400] INFO DownloadTask - Download Started for NVD CVE - 2014
[2023-11-07 02:21:53.491] INFO DownloadTask - Download Complete for NVD CVE - 2014  (91 ms)
[2023-11-07 02:21:53.493] INFO ProcessTask - Processing Started for NVD CVE - 2014
[2023-11-07 02:21:55.769] INFO ProcessTask - Processing Complete for NVD CVE - 2013  (6381 ms)
[2023-11-07 02:21:57.506] INFO DownloadTask - Download Started for NVD CVE - 2015
[2023-11-07 02:21:57.629] INFO DownloadTask - Download Complete for NVD CVE - 2015  (123 ms)
[2023-11-07 02:21:57.632] INFO ProcessTask - Processing Started for NVD CVE - 2015
[2023-11-07 02:21:58.378] INFO ProcessTask - Processing Complete for NVD CVE - 2014  (4885 ms)
[2023-11-07 02:22:01.200] INFO ProcessTask - Processing Complete for NVD CVE - 2015  (3568 ms)
[2023-11-07 02:22:01.632] INFO DownloadTask - Download Started for NVD CVE - 2016
[2023-11-07 02:22:01.716] INFO DownloadTask - Download Complete for NVD CVE - 2016  (83 ms)
[2023-11-07 02:22:01.722] INFO ProcessTask - Processing Started for NVD CVE - 2016
[2023-11-07 02:22:05.556] INFO ProcessTask - Processing Complete for NVD CVE - 2016  (3834 ms)
[2023-11-07 02:22:05.722] INFO DownloadTask - Download Started for NVD CVE - 2017
[2023-11-07 02:22:05.870] INFO DownloadTask - Download Complete for NVD CVE - 2017  (148 ms)
[2023-11-07 02:22:05.873] INFO ProcessTask - Processing Started for NVD CVE - 2017
[2023-11-07 02:22:09.873] INFO DownloadTask - Download Started for NVD CVE - 2018
[2023-11-07 02:22:10.015] INFO DownloadTask - Download Complete for NVD CVE - 2018  (141 ms)
[2023-11-07 02:22:10.024] INFO ProcessTask - Processing Started for NVD CVE - 2018
[2023-11-07 02:22:10.057] INFO ProcessTask - Processing Complete for NVD CVE - 2017  (4184 ms)
[2023-11-07 02:22:14.025] INFO DownloadTask - Download Started for NVD CVE - 2019
[2023-11-07 02:22:14.096] INFO ProcessTask - Processing Complete for NVD CVE - 2018  (4072 ms)
[2023-11-07 02:22:14.142] INFO DownloadTask - Download Complete for NVD CVE - 2019  (117 ms)
[2023-11-07 02:22:14.147] INFO ProcessTask - Processing Started for NVD CVE - 2019
[2023-11-07 02:22:18.147] INFO DownloadTask - Download Started for NVD CVE - 2020
[2023-11-07 02:22:18.175] INFO ProcessTask - Processing Complete for NVD CVE - 2019  (4028 ms)
[2023-11-07 02:22:18.266] INFO DownloadTask - Download Complete for NVD CVE - 2020  (119 ms)
[2023-11-07 02:22:18.271] INFO ProcessTask - Processing Started for NVD CVE - 2020
[2023-11-07 02:22:22.329] INFO DownloadTask - Download Started for NVD CVE - 2021
[2023-11-07 02:22:22.476] INFO DownloadTask - Download Complete for NVD CVE - 2021  (146 ms)
[2023-11-07 02:22:22.494] INFO ProcessTask - Processing Started for NVD CVE - 2021
[2023-11-07 02:22:25.540] INFO ProcessTask - Processing Complete for NVD CVE - 2020  (7269 ms)
[2023-11-07 02:22:26.494] INFO DownloadTask - Download Started for NVD CVE - 2022
[2023-11-07 02:22:26.592] INFO DownloadTask - Download Complete for NVD CVE - 2022  (98 ms)
[2023-11-07 02:22:26.599] INFO ProcessTask - Processing Started for NVD CVE - 2022
[2023-11-07 02:22:29.458] INFO ProcessTask - Processing Complete for NVD CVE - 2021  (6964 ms)
[2023-11-07 02:22:30.599] INFO DownloadTask - Download Started for NVD CVE - 2023
[2023-11-07 02:22:31.384] INFO DownloadTask - Download Complete for NVD CVE - 2023  (785 ms)
[2023-11-07 02:22:31.389] INFO ProcessTask - Processing Started for NVD CVE - 2023
[2023-11-07 02:22:34.300] INFO ProcessTask - Processing Complete for NVD CVE - 2022  (7701 ms)
[2023-11-07 02:22:36.935] INFO ProcessTask - Processing Complete for NVD CVE - 2023  (5546 ms)
[2023-11-07 02:22:40.935] INFO DownloadTask - Download Started for NVD CVE - Modified
[2023-11-07 02:22:41.011] INFO DownloadTask - Download Complete for NVD CVE - Modified  (76 ms)
[2023-11-07 02:22:41.012] INFO ProcessTask - Processing Started for NVD CVE - Modified
[2023-11-07 02:22:41.729] INFO ProcessTask - Processing Complete for NVD CVE - Modified  (717 ms)
[2023-11-07 02:22:42.036] INFO CveDB - Begin database maintenance
[2023-11-07 02:22:54.350] INFO CveDB - Updated the CPE ecosystem on 136660 NVD records
[2023-11-07 02:22:55.338] INFO CveDB - Removed the CPE ecosystem on 3886 NVD records
[2023-11-07 02:22:56.035] INFO CveDB - Cleaned up 1 orphaned NVD records
[2023-11-07 02:22:56.035] INFO CveDB - End database maintenance (13999 ms)
[2023-11-07 02:22:56.171] INFO KnownExploitedDataSource - Updating CISA Known Exploited Vulnerability list: https://www.cisa.gov/sites/default/files/feeds/known_exploited_vulnerabilities.json
[2023-11-07 02:22:56.443] INFO CveDB - Begin database defrag
[2023-11-07 02:23:00.528] INFO CveDB - End database defrag (4088 ms)
[2023-11-07 02:23:00.529] INFO Engine - Check for updates complete (121397 ms)
[2023-11-07 02:23:00.677] INFO Engine - 

Dependency-Check is an open source tool performing a best effort analysis of 3rd party dependencies; false positives and false negatives may exist in the analysis performed by the tool. Use of the tool and the reporting provided constitutes acceptance for use in an AS IS condition, and there are NO warranties, implied or otherwise, with regard to the analysis or its use. Any use of the tool and the reporting provided is at the user’s risk. In no event shall the copyright holder or OWASP be held liable for any damages whatsoever arising out of or in connection with the use of this tool, the analysis performed, or the resulting report.


   About ODC: https://jeremylong.github.io/DependencyCheck/general/internals.html
   False Positives: https://jeremylong.github.io/DependencyCheck/general/suppression.html

💖 Sponsor: https://github.com/sponsors/jeremylong


[2023-11-07 02:23:00.679] INFO Engine - Analysis Started
[2023-11-07 02:23:00.862] INFO Engine - Finished Archive Analyzer (0 seconds)
[2023-11-07 02:23:00.865] INFO Engine - Finished File Name Analyzer (0 seconds)
[2023-11-07 02:23:01.134] INFO Engine - Finished Jar Analyzer (0 seconds)
[2023-11-07 02:23:01.145] INFO Engine - Finished Central Analyzer (0 seconds)
[2023-11-07 02:23:01.146] INFO Engine - Finished Dependency Merging Analyzer (0 seconds)
[2023-11-07 02:23:01.467] INFO Engine - Finished Hint Analyzer (0 seconds)
[2023-11-07 02:23:01.476] INFO Engine - Finished Version Filter Analyzer (0 seconds)
[2023-11-07 02:23:03.458] INFO CPEAnalyzer - Created CPE Index (1 seconds)
[2023-11-07 02:23:03.889] INFO Engine - Finished CPE Analyzer (2 seconds)
[2023-11-07 02:23:03.896] INFO Engine - Finished False Positive Analyzer (0 seconds)
[2023-11-07 02:23:03.905] INFO Engine - Finished NVD CVE Analyzer (0 seconds)
[2023-11-07 02:23:04.247] INFO Engine - Finished Sonatype OSS Index Analyzer (0 seconds)
[2023-11-07 02:23:04.248] INFO Engine - Finished Vulnerability Suppression Analyzer (0 seconds)
[2023-11-07 02:23:04.258] INFO Engine - Finished Known Exploited Vulnerability Analyzer (0 seconds)
[2023-11-07 02:23:04.258] INFO Engine - Finished Dependency Bundling Analyzer (0 seconds)
[2023-11-07 02:23:04.260] INFO Engine - Finished Unused Suppression Rule Analyzer (0 seconds)
[2023-11-07 02:23:04.272] INFO Engine - Analysis Complete (3 seconds)
[2023-11-07 02:23:04.325] INFO ReportGenerator - Writing report to: /home/runner/work/rencg/rencg/.nvd/../target/nvd/dependency-check-report.xml
[2023-11-07 02:23:04.457] INFO ReportGenerator - Writing report to: /home/runner/work/rencg/rencg/.nvd/../target/nvd/dependency-check-report.html
[2023-11-07 02:23:04.605] INFO ReportGenerator - Writing report to: /home/runner/work/rencg/rencg/.nvd/../target/nvd/dependency-check-report.json
[2023-11-07 02:23:04.637] INFO ReportGenerator - Writing report to: /home/runner/work/rencg/rencg/.nvd/../target/nvd/dependency-check-report.csv
[2023-11-07 02:23:04.640] INFO ReportGenerator - Writing report to: /home/runner/work/rencg/rencg/.nvd/../target/nvd/dependency-check-report.sarif
[2023-11-07 02:23:04.647] INFO ReportGenerator - Writing report to: /home/runner/work/rencg/rencg/.nvd/../target/nvd/dependency-check-jenkins.html
[2023-11-07 02:23:04.665] INFO ReportGenerator - Writing report to: /home/runner/work/rencg/rencg/.nvd/../target/nvd/dependency-check-junit.xml
Nov 07, 2023 2:23:04 AM org.apache.commons.jcs3.engine.control.CompositeCacheManager 
INFO: Shutdown hook activated. Shutdown was not called. Shutting down JCS.
Nov 07, 2023 2:23:04 AM org.apache.commons.jcs3.engine.control.event.ElementEventQueue 
INFO: Element event queue destroyed: org.apache.commons.jcs3.engine.control.event.ElementEventQueue@7634a796
Nov 07, 2023 2:23:04 AM org.apache.commons.jcs3.engine.control.CompositeCache 
INFO: In DISPOSE, [NODEAUDIT] fromRemote [false]
Nov 07, 2023 2:23:04 AM org.apache.commons.jcs3.engine.control.CompositeCache 
INFO: In DISPOSE, [NODEAUDIT] auxiliary [NODEAUDIT]
